[01:33:43] [Render thread/INFO] [JMLogger] JourneyMap log initialized.
[01:33:43] [Render thread/INFO] [JourneymapClient] initialize ENTER
[01:33:43] [Render thread/INFO] [ClientAPI] [ClientAPI] built with JourneyMap API 1.9-SNAPSHOT
[01:33:43] [Render thread/INFO] [PluginHelper] Initializing plugins with Client API: journeymap.client.api.impl.ClientAPI
[01:33:44] [Render thread/INFO] [ThemeLoader] Preloaded theme textures: 73
[01:33:44] [Render thread/INFO] [?] Version: JourneyMap 1.20.1-5.10.3, built with fabric 0.92.2+1.20.1
fabric: 0.15.11
Environment: os.name, os.arch, java.version, user.country, user.language=null, game language=ko_kr, locale=ko_kr
Features: 
	RadarPlayers : singleplayer = true , multiplayer = true
	RadarAnimals : singleplayer = true , multiplayer = true
	RadarMobs : singleplayer = true , multiplayer = true
	RadarVillagers : singleplayer = true , multiplayer = true
	MapTopo : singleplayer = true , multiplayer = true
	MapSurface : singleplayer = true , multiplayer = true
	MapCaves : singleplayer = true , multiplayer = true
	MapBiome : singleplayer = true , multiplayer = true
MiniMapProperties{state=Valid, file=journeymap.minimap.config, configVersion=5.10.3, zoomLevel=0, compassFontScale=1.0, terrainAlpha=100, showEntityNames=true, positionX=0.9, positionY=0.25, effectVertical=false, showPlayerHeading=true, sizePercent=30, playerDisplayScale=1.0, showDayNight=true, showPets=true, preferredMapType=day, showCompass=true, mobDisplay=jm.common.entity_display.dots, systemTimeRealFormat=HH:mm:ss, shape=jm.minimap.shape_circle, showSelf=true, selfDisplayScale=1.0, showGrid=true, reticleOrientation=jm.minimap.orientation.compass, gameTimeRealFormat=HH:mm:ss, effectTranslateX=-76, showWaypoints=true, minimapKeyMovementSpeed=0.001, showAnimals=true, infoSlotAlpha=0.7, effectTranslateY=0, showWaypointLabels=true, moveEffectIcons=true, position=jm.minimap.position_topright, fontScale=1.0, showPlayers=true, waypointIconScale=1.0, frameAlpha=100, effectReversed=false, backgroundAlpha=0.8, enabled=true, showVillagers=true, info2Label=jm.theme.labelsource.gametime, info3Label=jm.theme.labelsource.location, showMobs=true, waypointLabelScale=1.0, showReticle=true, orientation=jm.minimap.orientation.north, info4Label=jm.theme.labelsource.biome, locationFormat=xzyv, playerDisplay=jm.common.entity_display.dots, mobDisplayScale=1.0, showCaves=true, showMobHeading=true, locationFormatVerbose=true, info1Label=jm.theme.labelsource.blank}
MiniMapProperties{state=Valid, file=journeymap.minimap2.config, configVersion=5.10.3, zoomLevel=0, compassFontScale=1.0, terrainAlpha=100, showEntityNames=true, positionX=0.9, positionY=0.25, effectVertical=false, showPlayerHeading=true, sizePercent=30, playerDisplayScale=1.0, showDayNight=true, showPets=true, preferredMapType=day, showCompass=true, mobDisplay=jm.common.entity_display.dots, systemTimeRealFormat=HH:mm:ss, shape=jm.minimap.shape_rectangle, showSelf=true, selfDisplayScale=1.0, showGrid=true, reticleOrientation=jm.minimap.orientation.compass, gameTimeRealFormat=HH:mm:ss, effectTranslateX=0, showWaypoints=true, minimapKeyMovementSpeed=0.001, showAnimals=true, infoSlotAlpha=0.7, effectTranslateY=0, showWaypointLabels=true, moveEffectIcons=true, position=jm.minimap.position_topright, fontScale=1.0, showPlayers=true, waypointIconScale=1.0, frameAlpha=100, effectReversed=false, backgroundAlpha=0.8, enabled=true, showVillagers=true, info2Label=jm.theme.labelsource.gametime, info3Label=jm.theme.labelsource.location, showMobs=true, waypointLabelScale=1.0, showReticle=true, orientation=jm.minimap.orientation.north, info4Label=jm.theme.labelsource.biome, locationFormat=xzyv, playerDisplay=jm.common.entity_display.dots, mobDisplayScale=1.0, showCaves=true, showMobHeading=true, locationFormatVerbose=true, info1Label=jm.theme.labelsource.blank}
FullMapProperties{state=Valid, file=journeymap.fullmap.config, configVersion=5.10.3, zoomLevel=0, showPlayers=true, waypointIconScale=1.0, showEntityNames=true, showPlayerHeading=true, showVillagers=true, showPlayerLoc=true, showKeys=true, playerDisplayScale=1.0, showMobs=true, showPets=true, waypointLabelScale=1.0, preferredMapType=day, mobDisplay=jm.common.entity_display.dots, showSelf=true, locationFormat=xzyv, playerDisplay=jm.common.entity_display.dots, mobDisplayScale=1.0, selfDisplayScale=1.0, showGrid=true, showMouseLoc=true, showWaypoints=true, showCaves=true, showAnimals=true, showMobHeading=true, showWaypointLabels=true, locationFormatVerbose=true, fontScale=1.0}
WaypointProperties{state=Valid, file=journeymap.waypoint.config, configVersion=5.10.3, autoRemoveDeathpointDistance=2, dateFormat=MM-dd-yyyy, autoRemoveDeathpoints=false, fullscreenDoubleClickToCreate=true, managerDimensionFocus=false, minDistance=4, boldLabel=false, textureSmall=true, showDeathpointlabel=true, beaconEnabled=false, createDeathpoints=true, showName=true, disableStrikeThrough=false, maxDistance=0, autoHideLabel=true, autoRemoveTempWaypoints=2, teleportCommand=/tp {name} {x} {y} {z}, showStaticBeam=true, shaderBeacon=false, timeFormat=HH:mm:ss, showDeviationLabel=false, showDistance=true, showRotatingBeam=true, fontScale=2.0, showTexture=true, managerEnabled=false}
WebMapProperties{state=Valid, file=journeymap.webmap.config, configVersion=5.10.3, port=8080, enabled=false}
CoreProperties{state=Valid, file=journeymap.core.config, configVersion=5.10.3, verboseColorPalette=false, maxPlayersData=32, mapSurfaceAboveCaves=true, dataCachingEnabled=true, optionsManagerViewed=5.10.3, announceMod=true, colorPassive=#bbbbbb, mapBlendWater=false, renderDistanceSurfaceMax=0, seedId=false, radarVerticalDistance=16, mapBlendGrass=true, recordCacheStats=false, hideSneakingEntities=true, revealShape=jm.minimap.shape_circle, mapBiome=true, alwaysMapSurface=false, colorVillager=#88e188, mapPlants=false, colorPet=#0077ff, radarLateralDistance=64, mapBathymetry=false, mapCrops=true, maxMobsData=32, mapPlantShadows=false, alwaysMapCaves=false, checkUpdates=true, mapBlendFoliage=true, hideSpectators=false, mappingEnabled=true, colorPlayer=#ffffff, tileHighDisplayQuality=true, cacheVillagersData=2200, logLevel=INFO, maxVillagersData=32, mapWaterBiomeColors=false, maxAnimalsData=32, mapTransparency=true, caveBlackAsClear=false, tileRenderType=1, caveIgnoreGlass=true, mapTopography=true, renderDistanceCaveMax=0, mapAntialiasing=true, colorSelf=#0000ff, cachePlayersData=2000, cacheMobsData=3000, cachePlayerData=1000, splashViewed=5.10.3, colorHostile=#ff0000, cacheAnimalsData=3100, themeName=OceanMonument, mapCaveLighting=true, renderDelay=2, glErrorChecking=false, autoMapPoll=2000}
[01:33:44] [Render thread/INFO] [JourneymapClient] initialize EXIT, elapsed count 1 avg 699.04ms
[01:33:44] [Render thread/INFO] [JourneymapClient] postInitialize EXIT, elapsed count 1 avg 2.65ms
[01:33:45] [Render thread/WARN] [ColorPalette] Existing color palette's resource packs no longer match current loadout.
[01:33:45] [Render thread/INFO] [ColorPalette] WAS: Fabric 모드, 검은색 아이콘, 고대비, 기본, 이 세계에 적용된 리소스, 클래식 아이콘, 프로그래머 아트, 하얀색 아이콘
NOW: Fabric 모드, 검은색 아이콘, 고대비, 기본, 클래식 아이콘, 프로그래머 아트, 하얀색 아이콘
[01:33:45] [Render thread/INFO] [ColorPalette] Color palette file generated for 0 blockstates in 13ms for: D:\MultiMC\instances\1.20.1\.minecraft\journeymap\colorpalette.json
[01:33:46] [Render thread/INFO] [ColorManager] Updated color palette for 903 blockstates in 460ms: D:\MultiMC\instances\1.20.1\.minecraft\journeymap\colorpalette.json
[01:33:55] [Render thread/INFO] [ChatLog] JourneyMap: 클릭 [J]
[01:33:55] [Render thread/INFO] [JourneymapClient] Mapping started in D:\MultiMC\instances\1.20.1\.minecraft\journeymap\data\mp\Minecraft~\airplane1. Memory: 3000MB total, 2031MB free 
[01:34:02] [Render thread/WARN] [ColorPalette] Existing color palette's resource packs no longer match current loadout.
[01:34:02] [Render thread/INFO] [ColorPalette] WAS: Fabric 모드, 검은색 아이콘, 고대비, 기본, 클래식 아이콘, 프로그래머 아트, 하얀색 아이콘
NOW: Fabric 모드, 검은색 아이콘, 고대비, 기본, 이 세계에 적용된 리소스, 클래식 아이콘, 프로그래머 아트, 하얀색 아이콘
[01:34:02] [Render thread/INFO] [ColorPalette] Color palette file generated for 0 blockstates in 8ms for: D:\MultiMC\instances\1.20.1\.minecraft\journeymap\colorpalette.json
[01:34:02] [Render thread/INFO] [ColorManager] Updated color palette for 829 blockstates in 156ms: D:\MultiMC\instances\1.20.1\.minecraft\journeymap\colorpalette.json
[01:40:12] [Render thread/INFO] [JourneymapClient] Mapping halted in D:\MultiMC\instances\1.20.1\.minecraft\journeymap\data\mp\Minecraft~\minecraft:airplane1
[01:40:14] [Render thread/INFO] [JourneymapClient] Mapping started in D:\MultiMC\instances\1.20.1\.minecraft\journeymap\data\mp\Minecraft~\overworld. Memory: 3000MB total, 1577MB free 
[01:45:17] [Render thread/INFO] [class_634] handleChat: class_7608[content=앵무새 탐나네, timeStamp=2026-01-30T16:44:17.205Z, salt=-8987473096169922346, lastSeen=class_7635[entries=[]]]
[01:45:25] [Render thread/INFO] [class_634] handleChat: class_7608[content=나도 해줘, timeStamp=2026-01-30T16:44:24.893Z, salt=1933334352796608733, lastSeen=class_7635[entries=[D13kTziem3Dqx5d8djyhAjRAEse/t8bYQRli+FaBQ+5mDbYc57CleOOry85xbUxiH13gtU1z+FoBS27W1Ex4YxxbEICbHUusDuNdwqFl7aQigv8+cYIGpp7Wl9rSbg7CiT9jzzbxaBkhnGPETPiITYuDekfMGW8+q2PS1ItreJeBMQTJjnj+Uo5VspR+737X9JK9ADEUkAKdnbIHyYkTD27Z7HoKM2RKOx5FY+7Pp6bMhKDrUj0t1Dwz7O//xUJ+n95D5uma9QVPWmkktUiXQfP3pF8tsyuWiFNow4CLosYSn44IHMLACMyKX7Xe/EsvnMmxdN8bBxW/DIsFskWrtQ==]]]
[01:45:50] [Render thread/INFO] [class_634] handleChat: class_7608[content=?!?, timeStamp=2026-01-30T16:44:50.172Z, salt=7868376334852643421, lastSeen=class_7635[entries=[D13kTziem3Dqx5d8djyhAjRAEse/t8bYQRli+FaBQ+5mDbYc57CleOOry85xbUxiH13gtU1z+FoBS27W1Ex4YxxbEICbHUusDuNdwqFl7aQigv8+cYIGpp7Wl9rSbg7CiT9jzzbxaBkhnGPETPiITYuDekfMGW8+q2PS1ItreJeBMQTJjnj+Uo5VspR+737X9JK9ADEUkAKdnbIHyYkTD27Z7HoKM2RKOx5FY+7Pp6bMhKDrUj0t1Dwz7O//xUJ+n95D5uma9QVPWmkktUiXQfP3pF8tsyuWiFNow4CLosYSn44IHMLACMyKX7Xe/EsvnMmxdN8bBxW/DIsFskWrtQ==, QHVX4dh98uBuaqYP8wXMAUvfiQkPDtYWSt/7cVMj+FOkTQwx9glccGe1JxoW5JeJTMt5RKFgvxHrQelHfCRpooQ8Lc0xgVkfc9NRo0saN7yxDn6NnYrTw2LWCIhru28AtUdXRsLGXmByN9TvY5jnirW9Ysuecwvy0aAgeTxtJ70sIJkz4JS2SX1D8+8nV9YGfEl0Dx87nDTDLUorVpOm3DtVgs+qQJTTp8q1+9TIaPcnNYXRNUuXuL2PmwZbi/OkaIF5hF+nYDvn2C9N8jUDPx1GuFQyAPnFhWxgOSzQhlZJdISn7PEhKKKGyAj8Qns30xH58GI7gontiyrkOWnClg==]]]
[01:48:21] [Render thread/INFO] [JourneymapClient] Mapping halted in D:\MultiMC\instances\1.20.1\.minecraft\journeymap\data\mp\Minecraft~\minecraft:overworld
